0 info it worked if it ends with ok
1 verbose cli [ '/usr/local/bin/node',
1 verbose cli   '/usr/local/bin/npm',
1 verbose cli   'install',
1 verbose cli   '-g',
1 verbose cli   'agent-browser' ]
2 info using npm@3.8.9
3 info using node@v6.2.0
4 silly loadCurrentTree Starting
5 silly install loadCurrentTree
6 silly install readGlobalPackageData
7 silly fetchPackageMetaData agent-browser
8 silly fetchNamedPackageData agent-browser
9 silly mapToRegistry name agent-browser
10 silly mapToRegistry using default registry
11 silly mapToRegistry registry https://registry.npmjs.org/
12 silly mapToRegistry data Result {
12 silly mapToRegistry   raw: 'agent-browser',
12 silly mapToRegistry   scope: null,
12 silly mapToRegistry   name: 'agent-browser',
12 silly mapToRegistry   rawSpec: '',
12 silly mapToRegistry   spec: 'latest',
12 silly mapToRegistry   type: 'tag' }
13 silly mapToRegistry uri https://registry.npmjs.org/agent-browser
14 verbose request uri https://registry.npmjs.org/agent-browser
15 verbose request no auth needed
16 info attempt registry request try #1 at 2:11:25 PM
17 verbose request id 0af4b19cd1c398cb
18 verbose etag W/"1f731e9fae0f3c42fcd47f4ac72a8cd0"
19 verbose lastModified Thu, 19 Mar 2026 00:59:43 GMT
20 http request GET https://registry.npmjs.org/agent-browser
21 http 200 https://registry.npmjs.org/agent-browser
22 verbose headers { date: 'Sat, 21 Mar 2026 06:11:27 GMT',
22 verbose headers   'content-type': 'application/json',
22 verbose headers   'transfer-encoding': 'chunked',
22 verbose headers   connection: 'keep-alive',
22 verbose headers   'content-encoding': 'gzip',
22 verbose headers   'cf-ray': '9dfacca0987bf7e3-LAX',
22 verbose headers   'cf-cache-status': 'HIT',
22 verbose headers   'access-control-allow-origin': '*',
22 verbose headers   age: '88',
22 verbose headers   'cache-control': 'public, max-age=300',
22 verbose headers   etag: 'W/"7286bc1de410baec824482be05afdabb"',
22 verbose headers   'last-modified': 'Fri, 20 Mar 2026 14:18:41 GMT',
22 verbose headers   vary: 'accept-encoding, accept',
22 verbose headers   'set-cookie': [ '_cfuvid=LzPiIE9ujLupHnR2_bv3f76VDhW3p9by_9mCS7OhiN4-1774073487475-0.0.1.1-604800000; path=/; domain=.npmjs.org; HttpOnly; Secure; SameSite=None' ],
22 verbose headers   server: 'cloudflare' }
23 silly get cb [ 200,
23 silly get   { date: 'Sat, 21 Mar 2026 06:11:27 GMT',
23 silly get     'content-type': 'application/json',
23 silly get     'transfer-encoding': 'chunked',
23 silly get     connection: 'keep-alive',
23 silly get     'content-encoding': 'gzip',
23 silly get     'cf-ray': '9dfacca0987bf7e3-LAX',
23 silly get     'cf-cache-status': 'HIT',
23 silly get     'access-control-allow-origin': '*',
23 silly get     age: '88',
23 silly get     'cache-control': 'public, max-age=300',
23 silly get     etag: 'W/"7286bc1de410baec824482be05afdabb"',
23 silly get     'last-modified': 'Fri, 20 Mar 2026 14:18:41 GMT',
23 silly get     vary: 'accept-encoding, accept',
23 silly get     'set-cookie': [ '_cfuvid=LzPiIE9ujLupHnR2_bv3f76VDhW3p9by_9mCS7OhiN4-1774073487475-0.0.1.1-604800000; path=/; domain=.npmjs.org; HttpOnly; Secure; SameSite=None' ],
23 silly get     server: 'cloudflare' } ]
24 verbose get saving agent-browser to /Users/Neymar/.npm/registry.npmjs.org/agent-browser/.cache.json
25 verbose correctMkdir /Users/Neymar/.npm correctMkdir not in flight; initializing
26 silly install normalizeTree
27 silly loadCurrentTree Finishing
28 silly loadIdealTree Starting
29 silly install loadIdealTree
30 silly cloneCurrentTree Starting
31 silly install cloneCurrentTreeToIdealTree
32 silly cloneCurrentTree Finishing
33 silly loadShrinkwrap Starting
34 silly install loadShrinkwrap
35 silly loadShrinkwrap Finishing
36 silly loadAllDepsIntoIdealTree Starting
37 silly install loadAllDepsIntoIdealTree
38 verbose stack Error: Missing required argument #1
38 verbose stack     at andLogAndFinish (/usr/local/lib/node_modules/npm/lib/fetch-package-metadata.js:31:3)
38 verbose stack     at fetchPackageMetadata (/usr/local/lib/node_modules/npm/lib/fetch-package-metadata.js:51:22)
38 verbose stack     at resolveWithNewModule (/usr/local/lib/node_modules/npm/lib/install/deps.js:455:12)
38 verbose stack     at /usr/local/lib/node_modules/npm/lib/install/deps.js:190:5
38 verbose stack     at /usr/local/lib/node_modules/npm/node_modules/slide/lib/async-map.js:52:35
38 verbose stack     at Array.forEach (native)
38 verbose stack     at /usr/local/lib/node_modules/npm/node_modules/slide/lib/async-map.js:52:11
38 verbose stack     at Array.forEach (native)
38 verbose stack     at asyncMap (/usr/local/lib/node_modules/npm/node_modules/slide/lib/async-map.js:51:8)
38 verbose stack     at exports.loadRequestedDeps (/usr/local/lib/node_modules/npm/lib/install/deps.js:188:3)
39 verbose cwd /Users/Neymar/WorkBuddy/20260320162755
40 error Darwin 21.6.0
41 error argv "/usr/local/bin/node" "/usr/local/bin/npm" "install" "-g" "agent-browser"
42 error node v6.2.0
43 error npm  v3.8.9
44 error code EMISSINGARG
45 error typeerror Error: Missing required argument #1
45 error typeerror     at andLogAndFinish (/usr/local/lib/node_modules/npm/lib/fetch-package-metadata.js:31:3)
45 error typeerror     at fetchPackageMetadata (/usr/local/lib/node_modules/npm/lib/fetch-package-metadata.js:51:22)
45 error typeerror     at resolveWithNewModule (/usr/local/lib/node_modules/npm/lib/install/deps.js:455:12)
45 error typeerror     at /usr/local/lib/node_modules/npm/lib/install/deps.js:190:5
45 error typeerror     at /usr/local/lib/node_modules/npm/node_modules/slide/lib/async-map.js:52:35
45 error typeerror     at Array.forEach (native)
45 error typeerror     at /usr/local/lib/node_modules/npm/node_modules/slide/lib/async-map.js:52:11
45 error typeerror     at Array.forEach (native)
45 error typeerror     at asyncMap (/usr/local/lib/node_modules/npm/node_modules/slide/lib/async-map.js:51:8)
45 error typeerror     at exports.loadRequestedDeps (/usr/local/lib/node_modules/npm/lib/install/deps.js:188:3)
46 error typeerror This is an error with npm itself. Please report this error at:
46 error typeerror     <http://github.com/npm/npm/issues>
47 verbose exit [ 1, true ]
